#! /usr/bin/vvp
:ivl_version "11.0 (stable)" "(v11_0)";
:ivl_delay_selection "TYPICAL";
:vpi_time_precision + 0;
:vpi_module "/usr/lib/ivl/system.vpi";
:vpi_module "/usr/lib/ivl/vhdl_sys.vpi";
:vpi_module "/usr/lib/ivl/vhdl_textio.vpi";
:vpi_module "/usr/lib/ivl/v2005_math.vpi";
:vpi_module "/usr/lib/ivl/va_math.vpi";
S_0x55c8387d5260 .scope module, "testbench_alu" "testbench_alu" 2 3;
 .timescale 0 0;
v0x55c8387f1530_0 .var "a", 31 0;
v0x55c8387f1610_0 .var "b", 31 0;
v0x55c8387f16b0_0 .var "clk", 0 0;
v0x55c8387f1750_0 .var "errors", 31 0;
v0x55c8387f1810_0 .var "f", 2 0;
v0x55c8387f18d0_0 .var "reset", 0 0;
v0x55c8387f1970 .array "testvectors", 0 10000, 34 0;
v0x55c8387f1a30_0 .var "vectornum", 31 0;
v0x55c8387f1b10_0 .net "y", 31 0, v0x55c8387f0e90_0;  1 drivers
v0x55c8387f1c60_0 .var "yexpected", 31 0;
E_0x55c8387d37c0 .event negedge, v0x55c8387f16b0_0;
E_0x55c8387d34c0 .event posedge, v0x55c8387f16b0_0;
S_0x55c8387d5410 .scope module, "dut" "alu" 2 13, 3 6 0, S_0x55c8387d5260;
 .timescale 0 0;
    .port_info 0 /INPUT 32 "A";
    .port_info 1 /INPUT 32 "B";
    .port_info 2 /INPUT 3 "F";
    .port_info 3 /OUTPUT 32 "Y";
L_0x55c8387f1df0 .functor NOT 32, v0x55c8387f1610_0, C4<00000000000000000000000000000000>, C4<00000000000000000000000000000000>, C4<00000000000000000000000000000000>;
v0x55c83879acd0_0 .net "A", 31 0, v0x55c8387f1530_0;  1 drivers
v0x55c8387f0ae0_0 .net "B", 31 0, v0x55c8387f1610_0;  1 drivers
v0x55c8387f0bc0_0 .net "Bout", 31 0, L_0x55c8387f1ed0;  1 drivers
v0x55c8387f0c80_0 .net "F", 2 0, v0x55c8387f1810_0;  1 drivers
v0x55c8387f0d60_0 .net "S", 31 0, L_0x55c8388023e0;  1 drivers
v0x55c8387f0e90_0 .var "Y", 31 0;
v0x55c8387f0f70_0 .net *"_ivl_1", 0 0, L_0x55c8387f1d20;  1 drivers
v0x55c8387f1050_0 .net *"_ivl_10", 31 0, L_0x55c8387f2290;  1 drivers
L_0x7f5ef7364018 .functor BUFT 1, C4<0000000000000000000000000000000>, C4<0>, C4<0>, C4<0>;
v0x55c8387f1130_0 .net *"_ivl_13", 30 0, L_0x7f5ef7364018;  1 drivers
v0x55c8387f1210_0 .net *"_ivl_2", 31 0, L_0x55c8387f1df0;  1 drivers
v0x55c8387f12f0_0 .net *"_ivl_6", 31 0, L_0x55c8387f2010;  1 drivers
v0x55c8387f13d0_0 .net *"_ivl_9", 0 0, L_0x55c8387f21c0;  1 drivers
E_0x55c8387bdfc0 .event edge, v0x55c8387f0c80_0, v0x55c83879acd0_0, v0x55c8387f0bc0_0, v0x55c8387f0d60_0;
L_0x55c8387f1d20 .part v0x55c8387f1810_0, 2, 1;
L_0x55c8387f1ed0 .functor MUXZ 32, v0x55c8387f1610_0, L_0x55c8387f1df0, L_0x55c8387f1d20, C4<>;
L_0x55c8387f2010 .arith/sum 32, v0x55c8387f1530_0, L_0x55c8387f1ed0;
L_0x55c8387f21c0 .part v0x55c8387f1810_0, 2, 1;
L_0x55c8387f2290 .concat [ 1 31 0 0], L_0x55c8387f21c0, L_0x7f5ef7364018;
L_0x55c8388023e0 .arith/sum 32, L_0x55c8387f2010, L_0x55c8387f2290;
    .scope S_0x55c8387d5410;
T_0 ;
    %wait E_0x55c8387bdfc0;
    %load/vec4 v0x55c8387f0c80_0;
    %parti/s 2, 0, 2;
    %dup/vec4;
    %pushi/vec4 0, 0, 2;
    %cmp/u;
    %jmp/1 T_0.0, 6;
    %dup/vec4;
    %pushi/vec4 1, 0, 2;
    %cmp/u;
    %jmp/1 T_0.1, 6;
    %dup/vec4;
    %pushi/vec4 2, 0, 2;
    %cmp/u;
    %jmp/1 T_0.2, 6;
    %dup/vec4;
    %pushi/vec4 3, 0, 2;
    %cmp/u;
    %jmp/1 T_0.3, 6;
    %jmp T_0.4;
T_0.0 ;
    %load/vec4 v0x55c83879acd0_0;
    %load/vec4 v0x55c8387f0bc0_0;
    %and;
    %assign/vec4 v0x55c8387f0e90_0, 0;
    %jmp T_0.4;
T_0.1 ;
    %load/vec4 v0x55c83879acd0_0;
    %load/vec4 v0x55c8387f0bc0_0;
    %or;
    %assign/vec4 v0x55c8387f0e90_0, 0;
    %jmp T_0.4;
T_0.2 ;
    %load/vec4 v0x55c8387f0d60_0;
    %assign/vec4 v0x55c8387f0e90_0, 0;
    %jmp T_0.4;
T_0.3 ;
    %load/vec4 v0x55c8387f0d60_0;
    %parti/s 1, 31, 6;
    %pad/u 32;
    %assign/vec4 v0x55c8387f0e90_0, 0;
    %jmp T_0.4;
T_0.4 ;
    %pop/vec4 1;
    %jmp T_0;
    .thread T_0, $push;
    .scope S_0x55c8387d5260;
T_1 ;
    %pushi/vec4 1, 0, 1;
    %store/vec4 v0x55c8387f16b0_0, 0, 1;
    %delay 5, 0;
    %pushi/vec4 0, 0, 1;
    %store/vec4 v0x55c8387f16b0_0, 0, 1;
    %delay 5, 0;
    %jmp T_1;
    .thread T_1;
    .scope S_0x55c8387d5260;
T_2 ;
    %vpi_call 2 22 "$readmemb", "testbench.dat", v0x55c8387f1970 {0 0 0};
    %pushi/vec4 0, 0, 32;
    %store/vec4 v0x55c8387f1a30_0, 0, 32;
    %pushi/vec4 0, 0, 32;
    %store/vec4 v0x55c8387f1750_0, 0, 32;
    %pushi/vec4 0, 0, 1;
    %store/vec4 v0x55c8387f18d0_0, 0, 1;
    %pushi/vec4 32, 0, 32;
    %store/vec4 v0x55c8387f1530_0, 0, 32;
    %pushi/vec4 96, 0, 32;
    %store/vec4 v0x55c8387f1610_0, 0, 32;
    %end;
    .thread T_2;
    .scope S_0x55c8387d5260;
T_3 ;
    %wait E_0x55c8387d34c0;
    %ix/getv 4, v0x55c8387f1a30_0;
    %load/vec4a v0x55c8387f1970, 4;
    %parti/s 3, 32, 7;
    %store/vec4 v0x55c8387f1810_0, 0, 3;
    %ix/getv 4, v0x55c8387f1a30_0;
    %load/vec4a v0x55c8387f1970, 4;
    %parti/s 32, 0, 2;
    %store/vec4 v0x55c8387f1c60_0, 0, 32;
    %jmp T_3;
    .thread T_3;
    .scope S_0x55c8387d5260;
T_4 ;
    %wait E_0x55c8387d37c0;
    %load/vec4 v0x55c8387f18d0_0;
    %inv;
    %flag_set/vec4 8;
    %jmp/0xz  T_4.0, 8;
    %load/vec4 v0x55c8387f1b10_0;
    %load/vec4 v0x55c8387f1c60_0;
    %cmp/ne;
    %jmp/0xz  T_4.2, 6;
    %vpi_call 2 38 "$display", "Error: inputs = %b, %b, %b", v0x55c8387f1530_0, v0x55c8387f1610_0, v0x55c8387f1810_0 {0 0 0};
    %vpi_call 2 39 "$display", "outputs = %b (%b expected)", v0x55c8387f1b10_0, v0x55c8387f1c60_0 {0 0 0};
    %load/vec4 v0x55c8387f1750_0;
    %addi 1, 0, 32;
    %store/vec4 v0x55c8387f1750_0, 0, 32;
T_4.2 ;
    %load/vec4 v0x55c8387f1a30_0;
    %addi 1, 0, 32;
    %store/vec4 v0x55c8387f1a30_0, 0, 32;
    %ix/getv 4, v0x55c8387f1a30_0;
    %load/vec4a v0x55c8387f1970, 4;
    %pushi/vec4 4294967295, 4294967295, 32;
    %concati/vec4 7, 7, 3;
    %cmp/e;
    %jmp/0xz  T_4.4, 6;
    %vpi_call 2 44 "$display", "%d tests completed with %d errors", v0x55c8387f1a30_0, v0x55c8387f1750_0 {0 0 0};
    %vpi_call 2 45 "$finish" {0 0 0};
T_4.4 ;
T_4.0 ;
    %jmp T_4;
    .thread T_4;
# The file index is used to find the file name in the following table.
:file_names 4;
    "N/A";
    "<interactive>";
    "testbench_alu.v";
    "./alu.v";
